Build started 27.2.2015 10:33:21.
     1>Project "C:\Users\ttv14saleksil\Desktop\PeliprojektiK2015\PeliprojektiK2015\SFML_setup_30.1\SFML_setup_30.1\SFML_setup_30.1.vcxproj" on node 2 (Build target(s)).
     1>ClCompile:
         C:\Program Files (x86)\Microsoft Visual Studio 12.0\VC\bin\CL.exe /c /IC:\Users\ttv14saleksil\Desktop\PeliprojektiK2015\PeliprojektiK2015\SFML_setup_30.1\SFML_setup_30.1\include\ /I"C:\Users\ttv14saleksil\Desktop\PeliprojektiK2015\PeliprojektiK2015\SFML_setup_30.1\..\SFML-2.2\include\\" /Zi /nologo /W4 /WX- /O2 /Oi /Oy- /GL /D SFML_STATIC /D WIN32 /D NDEBUG /D _WINDOWS /D _UNICODE /D UNICODE /Gm- /EHsc /MD /GS /Gy /fp:precise /Zc:wchar_t /Zc:forScope /Fo"C:\Users\ttv14saleksil\Desktop\PeliprojektiK2015\PeliprojektiK2015\SFML_setup_30.1\SFML_setup_30.1\obj\Release\\" /Fd"C:\Users\ttv14saleksil\Desktop\PeliprojektiK2015\PeliprojektiK2015\SFML_setup_30.1\SFML_setup_30.1\obj\Release\vc120.pdb" /Gd /TP /analyze- /errorReport:prompt Game.cpp IncludeHelper.cpp Main.cpp Object.cpp ObjectManager.cpp Player.cpp Tank.cpp Tank_hull.cpp Tank_part.cpp Tank_turret.cpp TileMap.cpp Weapon.cpp World.cpp
         Game.cpp
     1>c:\users\ttv14saleksil\desktop\peliprojektik2015\peliprojektik2015\sfml_setup_30.1\sfml_setup_30.1\Player.h(35): warning C4305: 'initializing' : truncation from 'double' to 'float'
     1>Game.cpp(13): warning C4244: 'argument' : conversion from 'int' to 'float', possible loss of data
     1>Game.cpp(25): warning C4305: 'argument' : truncation from 'double' to 'float'
         IncludeHelper.cpp
         Main.cpp
         Object.cpp
     1>Object.cpp(19): warning C4244: 'argument' : conversion from 'unsigned int' to 'float', possible loss of data
         ObjectManager.cpp
         Player.cpp
     1>c:\users\ttv14saleksil\desktop\peliprojektik2015\peliprojektik2015\sfml_setup_30.1\sfml_setup_30.1\Player.h(35): warning C4305: 'initializing' : truncation from 'double' to 'float'
     1>Player.cpp(8): warning C4305: '=' : truncation from 'double' to 'float'
     1>Player.cpp(53): warning C4244: 'initializing' : conversion from 'double' to 'float', possible loss of data
     1>Player.cpp(54): warning C4244: 'initializing' : conversion from 'double' to 'float', possible loss of data
     1>Player.cpp(57): warning C4244: 'argument' : conversion from 'double' to 'float', possible loss of data
         Tank.cpp
         Tank_hull.cpp
     1>Tank_hull.cpp(21): warning C4305: '=' : truncation from 'double' to 'float'
         Tank_part.cpp
         Tank_turret.cpp
     1>Tank_turret.cpp(35): warning C4100: 'angle' : unreferenced formal parameter
         TileMap.cpp
     1>TileMap.cpp(28): warning C4244: 'argument' : conversion from 'unsigned int' to 'float', possible loss of data
     1>TileMap.cpp(29): warning C4244: 'argument' : conversion from 'unsigned int' to 'float', possible loss of data
     1>TileMap.cpp(30): warning C4244: 'argument' : conversion from 'unsigned int' to 'float', possible loss of data
     1>TileMap.cpp(31): warning C4244: 'argument' : conversion from 'unsigned int' to 'float', possible loss of data
     1>TileMap.cpp(34): warning C4244: 'argument' : conversion from 'unsigned int' to 'float', possible loss of data
     1>TileMap.cpp(35): warning C4244: 'argument' : conversion from 'unsigned int' to 'float', possible loss of data
     1>TileMap.cpp(36): warning C4244: 'argument' : conversion from 'unsigned int' to 'float', possible loss of data
     1>TileMap.cpp(37): warning C4244: 'argument' : conversion from 'unsigned int' to 'float', possible loss of data
         Weapon.cpp
         World.cpp
       Link:
         C:\Program Files (x86)\Microsoft Visual Studio 12.0\VC\bin\link.exe /ERRORREPORT:PROMPT /OUT:"C:\Users\ttv14saleksil\Desktop\PeliprojektiK2015\PeliprojektiK2015\SFML_setup_30.1\Release\SFML_setup_30.1.exe" /INCREMENTAL:NO /NOLOGO /LIBPATH:"C:\Users\ttv14saleksil\Desktop\PeliprojektiK2015\PeliprojektiK2015\SFML_setup_30.1\..\SFML-2.2\lib" freetype.lib glew.lib jpeg.lib opengl32.lib "sfml-window-s.lib" "sfml-system-s.lib" "sfml-graphics-s.lib" winmm.lib kernel32.lib user32.lib gdi32.lib winspool.lib comdlg32.lib advapi32.lib shell32.lib ole32.lib oleaut32.lib uuid.lib odbc32.lib odbccp32.lib /MANIFEST /MANIFESTUAC:"level='asInvoker' uiAccess='false'" /manifest:embed /DEBUG /PDB:"C:\Users\ttv14saleksil\Desktop\PeliprojektiK2015\PeliprojektiK2015\SFML_setup_30.1\Release\SFML_setup_30.1.pdb" /SUBSYSTEM:WINDOWS /OPT:REF /OPT:ICF /LTCG /TLBID:1 /ENTRY:"mainCRTStartup" /DYNAMICBASE /NXCOMPAT /IMPLIB:"C:\Users\ttv14saleksil\Desktop\PeliprojektiK2015\PeliprojektiK2015\SFML_setup_30.1\Release\SFML_setup_30.1.lib" /MACHINE:X86 /SAFESEH C:\Users\ttv14saleksil\Desktop\PeliprojektiK2015\PeliprojektiK2015\SFML_setup_30.1\SFML_setup_30.1\obj\Release\Game.obj
         C:\Users\ttv14saleksil\Desktop\PeliprojektiK2015\PeliprojektiK2015\SFML_setup_30.1\SFML_setup_30.1\obj\Release\IncludeHelper.obj
         C:\Users\ttv14saleksil\Desktop\PeliprojektiK2015\PeliprojektiK2015\SFML_setup_30.1\SFML_setup_30.1\obj\Release\Main.obj
         C:\Users\ttv14saleksil\Desktop\PeliprojektiK2015\PeliprojektiK2015\SFML_setup_30.1\SFML_setup_30.1\obj\Release\Object.obj
         C:\Users\ttv14saleksil\Desktop\PeliprojektiK2015\PeliprojektiK2015\SFML_setup_30.1\SFML_setup_30.1\obj\Release\ObjectManager.obj
         C:\Users\ttv14saleksil\Desktop\PeliprojektiK2015\PeliprojektiK2015\SFML_setup_30.1\SFML_setup_30.1\obj\Release\Player.obj
         C:\Users\ttv14saleksil\Desktop\PeliprojektiK2015\PeliprojektiK2015\SFML_setup_30.1\SFML_setup_30.1\obj\Release\Tank.obj
         C:\Users\ttv14saleksil\Desktop\PeliprojektiK2015\PeliprojektiK2015\SFML_setup_30.1\SFML_setup_30.1\obj\Release\Tank_hull.obj
         C:\Users\ttv14saleksil\Desktop\PeliprojektiK2015\PeliprojektiK2015\SFML_setup_30.1\SFML_setup_30.1\obj\Release\Tank_part.obj
         C:\Users\ttv14saleksil\Desktop\PeliprojektiK2015\PeliprojektiK2015\SFML_setup_30.1\SFML_setup_30.1\obj\Release\Tank_turret.obj
         C:\Users\ttv14saleksil\Desktop\PeliprojektiK2015\PeliprojektiK2015\SFML_setup_30.1\SFML_setup_30.1\obj\Release\TileMap.obj
         C:\Users\ttv14saleksil\Desktop\PeliprojektiK2015\PeliprojektiK2015\SFML_setup_30.1\SFML_setup_30.1\obj\Release\Weapon.obj
         C:\Users\ttv14saleksil\Desktop\PeliprojektiK2015\PeliprojektiK2015\SFML_setup_30.1\SFML_setup_30.1\obj\Release\World.obj
         Generating code
         Finished generating code
         SFML_setup_30.1.vcxproj -> C:\Users\ttv14saleksil\Desktop\PeliprojektiK2015\PeliprojektiK2015\SFML_setup_30.1\Release\SFML_setup_30.1.exe
     1>Done Building Project "C:\Users\ttv14saleksil\Desktop\PeliprojektiK2015\PeliprojektiK2015\SFML_setup_30.1\SFML_setup_30.1\SFML_setup_30.1.vcxproj" (Build target(s)).

Build succeeded.

Time Elapsed 00:00:07.72
